[2015-03-20 10:44:35] | ERROR [django.request:231] | Internal Server Error: /merlin/result_search/search
Traceback (most recent call last):
  File "C:\Python34\lib\site-packages\django\core\handlers\base.py", line 111, in get_response
    response = wrapped_callback(request, *callback_args, **callback_kwargs)
  File "D:\projects\mercury\merlin\views.py", line 584, in result_search
    if params['date_after']:
KeyError: 'date_after'
[2015-03-20 10:47:39] | INFO [merlin.views:594] | GET http://localhost:8000/mercuryservices/fullresults/?date_after_sample=2015-01-01&project=919  OK 200
[2015-03-20 10:47:39] | INFO [merlin.views:596] | search results count: 13
[2015-03-20 10:48:06] | INFO [merlin.views:594] | GET http://localhost:8000/mercuryservices/fullresults/?date_before_sample=2015-01-01&date_after_sample=2014-01-01&project=919  OK 200
[2015-03-20 10:48:06] | INFO [merlin.views:596] | search results count: 0
[2015-03-20 10:48:18] | INFO [merlin.views:594] | GET http://localhost:8000/mercuryservices/fullresults/?date_before_sample=2015-01-01&date_after_sample=2014-01-01&project=5342  OK 200
[2015-03-20 10:48:18] | INFO [merlin.views:596] | search results count: 442
[2015-03-20 10:51:02] | INFO [merlin.views:594] | GET http://localhost:8000/mercuryservices/fullresults/?date_before_sample=2014-12-31&date_after_sample=2014-01-01&project=5342  OK 200
[2015-03-20 10:51:02] | INFO [merlin.views:596] | search results count: 442
[2015-03-20 10:52:54] | ERROR [django.request:231] | Internal Server Error: /merlin/result_search/search
Traceback (most recent call last):
  File "C:\Python34\lib\site-packages\django\core\handlers\base.py", line 111, in get_response
    response = wrapped_callback(request, *callback_args, **callback_kwargs)
  File "D:\projects\mercury\merlin\views.py", line 585, in result_search
    params_dict["date_after_sample"] = datetime.strptime(str(params['date_after_sample']).strip('[]'), '%m/%d/%y').strftime('%Y-%m-%d')
  File "C:\Python34\lib\_strptime.py", line 500, in _strptime_datetime
    tt, fraction = _strptime(data_string, format)
  File "C:\Python34\lib\_strptime.py", line 340, in _strptime
    data_string[found.end():])
ValueError: unconverted data remains: 14
[2015-03-20 10:53:03] | ERROR [django.request:231] | Internal Server Error: /merlin/result_search/search
Traceback (most recent call last):
  File "C:\Python34\lib\site-packages\django\core\handlers\base.py", line 111, in get_response
    response = wrapped_callback(request, *callback_args, **callback_kwargs)
  File "D:\projects\mercury\merlin\views.py", line 585, in result_search
    params_dict["date_after_sample"] = datetime.strptime(str(params['date_after_sample']).strip('[]'), '%m/%d/%y').strftime('%Y-%m-%d')
  File "C:\Python34\lib\_strptime.py", line 500, in _strptime_datetime
    tt, fraction = _strptime(data_string, format)
  File "C:\Python34\lib\_strptime.py", line 340, in _strptime
    data_string[found.end():])
ValueError: unconverted data remains: 14
[2015-03-20 10:53:23] | INFO [merlin.views:594] | GET http://localhost:8000/mercuryservices/fullresults/?date_after_sample=2014-01-01&project=5342  OK 200
[2015-03-20 10:53:23] | INFO [merlin.views:596] | search results count: 442
[2015-03-20 10:54:28] | INFO [merlin.views:594] | GET http://localhost:8000/mercuryservices/fullresults/?project=5342&date_before_sample=2014-12-31&date_after_sample=2014-01-01  OK 200
[2015-03-20 10:54:28] | INFO [merlin.views:596] | search results count: 442
[2015-03-20 10:56:23] | INFO [merlin.views:594] | GET http://localhost:8000/mercuryservices/fullresults/?project=5342&date_before_sample=2014-12-31&date_after_sample=2014-06-01  OK 200
[2015-03-20 10:56:23] | INFO [merlin.views:596] | search results count: 326
[2015-03-20 11:04:24] | INFO [merlin.views:595] | GET http://localhost:8000/mercuryservices/fullresults/?project=5342&final_value_null=False&date_after_sample=2014-06-01&date_before_sample=2014-10-01  OK 200
[2015-03-20 11:04:24] | INFO [merlin.views:597] | search results count: 3
[2015-03-20 11:11:57] | WARNING [django.request:143] | Not Found: /favicon.ico
[2015-03-20 11:21:11] | INFO [merlin.views:595] | GET http://localhost:8000/mercuryservices/fullresults/?final_value_null=False&date_after_sample=2014-06-01&date_before_sample=2014-12-31&project=5342  OK 200
[2015-03-20 11:21:11] | INFO [merlin.views:597] | search results count: 278
[2015-03-20 11:22:40] | INFO [merlin.views:595] | GET http://localhost:8000/mercuryservices/fullresults/?final_value_null=False&date_after_sample=2014-06-01&date_before_sample=2014-12-31&project=5342  OK 200
[2015-03-20 11:22:40] | INFO [merlin.views:597] | search results count: 278
[2015-03-20 11:24:40] | INFO [merlin.views:595] | GET http://localhost:8000/mercuryservices/fullresults/?final_value_null=False&date_after_sample=2014-06-01&date_before_sample=2014-12-31&project=5342  OK 200
[2015-03-20 11:24:40] | INFO [merlin.views:597] | search results count: 278
[2015-03-20 12:25:20] | INFO [merlin.views:595] | GET http://localhost:8000/mercuryservices/fullresults/?project=5342&date_after_entry=2015-02-01&date_before_entry=2015-02-06&final_value_null=False  OK 200
[2015-03-20 12:25:20] | INFO [merlin.views:597] | search results count: 27
[2015-03-20 12:27:07] | INFO [merlin.views:595] | GET http://localhost:8000/mercuryservices/fullresults/?final_value_null=False&date_after_entry=2015-02-02&date_before_entry=2015-02-02  OK 200
[2015-03-20 12:27:07] | INFO [merlin.views:597] | search results count: 178
[2015-03-20 12:28:14] | INFO [merlin.views:595] | GET http://localhost:8000/mercuryservices/fullresults/?project=5169&date_after_entry=2015-02-02&date_before_entry=2015-02-02&final_value_null=False  OK 200
[2015-03-20 12:28:14] | INFO [merlin.views:597] | search results count: 139
[2015-03-20 12:29:12] | INFO [merlin.views:595] | GET http://localhost:8000/mercuryservices/fullresults/?final_value_null=False&date_after_entry=2015-02-02&site=190980&date_before_entry=2015-02-02&project=5169  OK 200
[2015-03-20 12:29:12] | INFO [merlin.views:597] | search results count: 2
[2015-03-20 13:14:31] | INFO [merlin.views:595] | GET http://localhost:8000/mercuryservices/fullresults/?final_value_null=False&date_after_entry=2015-02-02&site=190980&date_before_entry=2015-02-02&project=5169  OK 200
[2015-03-20 13:14:31] | INFO [merlin.views:597] | search results count: 2
